<?xml version="1.0" encoding="UTF-8"?>
<!-- Generated by org.testng.reporters.JUnitXMLReporter -->
<testsuite hostname="Yuanhengs-Air.lan" name="Surefire test" tests="18" failures="0" timestamp="6 Sep 2020 21:01:53 GMT" time="0.212" errors="0">
  <testcase name="showFortuneTest on showFortuneTest(bean.TranslatorTest)" time="0.007" classname="bean.TranslatorTest"/>
  <testcase name="getDice on getDice(bean.TranslatorTest)" time="0.001" classname="bean.TranslatorTest"/>
  <testcase name="setDice on setDice(bean.TranslatorTest)" time="0.0" classname="bean.TranslatorTest"/>
  <testcase name="getTranslator on getTranslator(bean.PersonTest)" time="0.0" classname="bean.PersonTest"/>
  <testcase name="setFortune on setFortune(bean.PersonTest)" time="0.001" classname="bean.PersonTest"/>
  <testcase name="getAge on getAge(bean.PersonTest)" time="0.0" classname="bean.PersonTest"/>
  <testcase name="setTranslator on setTranslator(bean.PersonTest)" time="0.0" classname="bean.PersonTest"/>
  <testcase name="setAge on setAge(bean.PersonTest)" time="0.0" classname="bean.PersonTest"/>
  <testcase name="showFortune on showFortune(bean.PersonTest)" time="0.001" classname="bean.PersonTest"/>
  <testcase name="getName on getName(bean.PersonTest)" time="0.001" classname="bean.PersonTest"/>
  <testcase name="setGender on setGender(bean.PersonTest)" time="0.0" classname="bean.PersonTest"/>
  <testcase name="getFortune on getFortune(bean.PersonTest)" time="0.0" classname="bean.PersonTest"/>
  <testcase name="getGender on getGender(bean.PersonTest)" time="0.001" classname="bean.PersonTest"/>
  <testcase name="setName on setName(bean.PersonTest)" time="0.0" classname="bean.PersonTest"/>
  <testcase name="setMyRandomTest on setMyRandomTest(bean.DiceTest)" time="0.003" classname="bean.DiceTest"/>
  <testcase name="setRandom on setRandom(bean.DiceTest)" time="0.0" classname="bean.DiceTest"/>
  <testcase name="getRandom on getRandom(bean.DiceTest)" time="0.001" classname="bean.DiceTest"/>
  <testcase name="test on test(bean.ConfigurationBeanTest)" time="0.001" classname="bean.ConfigurationBeanTest"/>
</testsuite> <!-- Surefire test -->
